2018-07-12 21:48:29options recieved: -m num=1
2018-07-12 21:48:29| message 2 fuzz recieved: 2d:39:35:37:36:31:36:30:38:31
2018-07-12 21:48:30|fuzzed value: 2d:36:35:35:33:36:0a
====
2018-07-12 21:48:35options recieved: -m num=1
2018-07-12 21:48:35| message 2 fuzz recieved: 36:36:38:35:33:34:34:36:37
2018-07-12 21:48:35|fuzzed value: 33:32:37:36:38:0a
====
2018-07-12 21:48:38options recieved: -m num=1
2018-07-12 21:48:38| message 2 fuzz recieved: 37:37:36:39:30:34:35:33:31
2018-07-12 21:48:38|fuzzed value: 31:0a
====
2018-07-12 21:48:38options recieved: -m num=1
2018-07-12 21:48:38| message 2 fuzz recieved: 2d:31:39:31:34:30:34:38:34:31:34
2018-07-12 21:48:38|fuzzed value: 2d:31:37:35:39:37:39:39:39:33:34:0a
====
2018-07-12 21:48:39options recieved: -m num=1
2018-07-12 21:48:39| message 2 fuzz recieved: 35:39:38:33:35:36:36:33:34
2018-07-12 21:48:39|fuzzed value: 34:38:39:33:33:32:33:39:33:30:0a
====
2018-07-12 21:48:39options recieved: -m num=1
2018-07-12 21:48:39| message 2 fuzz recieved: 33:30:33:37:39:31:38:38:39
2018-07-12 21:48:39|fuzzed value: 33:30:33:37:39:31:38:38:38:0a
====
2018-07-12 21:48:43options recieved: -m num=1
2018-07-12 21:48:43| message 2 fuzz recieved: 2d:32:38:37:36:33:37:34:30:31
2018-07-12 21:48:43|fuzzed value: 2d:32:31:34:37:34:38:33:36:34:39:0a
====
2018-07-12 21:48:43options recieved: -m num=1
2018-07-12 21:48:43| message 2 fuzz recieved: 39:39:31:33:30:36:39:34
2018-07-12 21:48:43|fuzzed value: 39:39:32:31:35:37:30:37:0a
====
2018-07-12 21:48:43options recieved: -m num=1
2018-07-12 21:48:43| message 2 fuzz recieved: 2d:31:38:34:34:36:36:34:31:33:30
2018-07-12 21:48:43|fuzzed value: 2d:2d:36:35:35:33:36:0a
====
2018-07-12 21:48:43options recieved: -m num=1
2018-07-12 21:48:43| message 2 fuzz recieved: 2d:31:38:34:34:36:36:34:31:33:30
2018-07-12 21:48:43|fuzzed value: 2d:33:34:30:32:38:32:33:36:36:39:32:30:39:33:38:34:36:33:34:2e:2e:2e
====
2018-07-12 21:48:43options recieved: -m num=1
2018-07-12 21:48:43| message 2 fuzz recieved: 2d:31:38:34:34:36:36:34:31:33:30
2018-07-12 21:48:43|fuzzed value: 2d:31:38:34:34:36:36:34:31:32:39:0a
====
2018-07-12 21:48:45options recieved: -m num=1
2018-07-12 21:48:45| message 2 fuzz recieved: 31:33:39:30:39:33:35:30:32
2018-07-12 21:48:45|fuzzed value: 30:0a
====
2018-07-12 21:48:45options recieved: -m num=1
2018-07-12 21:48:45| message 2 fuzz recieved: 34:39:37:36:31:30:39:30:36
2018-07-12 21:48:45|fuzzed value: 2d:2d:31:0a
====
2018-07-12 21:48:45options recieved: -m num=1
2018-07-12 21:48:45| message 2 fuzz recieved: 34:39:37:36:31:30:39:30:36
2018-07-12 21:48:45|fuzzed value: 2d:30:0a
====
2018-07-12 21:48:45options recieved: -m num=1
2018-07-12 21:48:45| message 2 fuzz recieved: 34:39:37:36:31:30:39:30:36
2018-07-12 21:48:45|fuzzed value: 31:32:38:0a
====
2018-07-12 21:48:46options recieved: -m num=1
2018-07-12 21:48:46| message 2 fuzz recieved: 2d:36:33:37:30:33:36:35:36:34
2018-07-12 21:48:46|fuzzed value: 2d:35:31:30:34:32:33:35:35:30:33:38:31:34:30:37:36:39:35:31:2e:2e:2e
====
2018-07-12 21:48:47options recieved: -m num=1
2018-07-12 21:48:47| message 2 fuzz recieved: 31:33:30:36:39:32:34:32:31:36
2018-07-12 21:48:47|fuzzed value: 31:38:34:34:36:37:34:34:30:37:33:37:30:39:35:35:31:36:31:35:2e:2e:2e
====
2018-07-12 21:48:47options recieved: -m num=1
2018-07-12 21:48:47| message 2 fuzz recieved: 31:33:30:36:39:32:34:32:31:36
2018-07-12 21:48:47|fuzzed value: 2d:36:32:37:35:34:39:38:31:35:34:37:39:34:39:36:37:37:33:35:2e:2e:2e
====
2018-07-12 21:48:47options recieved: -m num=1
2018-07-12 21:48:47| message 2 fuzz recieved: 31:33:30:36:39:32:34:32:31:36
2018-07-12 21:48:47|fuzzed value: 34:32:39:34:39:36:37:35:35:32:0a
====
2018-07-12 21:48:47options recieved: -m num=1
2018-07-12 21:48:47| message 2 fuzz recieved: 31:33:30:36:39:32:34:32:31:36
2018-07-12 21:48:47|fuzzed value: 2d:35:32:37:39:36:35:35:39:31:37:32:33:34:30:37:34:39:36:0a
====
2018-07-12 21:48:47options recieved: -m num=1
2018-07-12 21:48:47| message 2 fuzz recieved: 31:33:30:36:39:32:34:32:31:36
2018-07-12 21:48:47|fuzzed value: 30:0a
====
2018-07-12 21:48:52options recieved: -m num=1
2018-07-12 21:48:52| message 2 fuzz recieved: 2d:31:35:33:30:38:39:35:35:38:38
2018-07-12 21:48:52|fuzzed value: 2d:2d:31:0a
====
2018-07-12 21:51:45options recieved: -m num=1
2018-07-12 21:51:45| message 2 fuzz recieved: 2d:31:36:33:33:34:39:30:30:33:37
2018-07-12 21:51:45|fuzzed value: 2d:2d:30:0a
====
2018-07-12 21:51:48options recieved: -m num=1
2018-07-12 21:51:48| message 2 fuzz recieved: 34:33:36:36:38:32:38:32:31
2018-07-12 21:51:48|fuzzed value: 34:33:36:36:38:32:38:32:30:0a
====
2018-07-12 21:51:50options recieved: -m num=1
2018-07-12 21:51:50| message 2 fuzz recieved: 31:32:38:36:37:39:34:39:30:36
2018-07-12 21:51:50|fuzzed value: 2d:31:38:34:34:36:37:34:34:30:37:33:37:30:39:35:35:31:36:31:2e:2e:2e
====
2018-07-12 21:51:50options recieved: -m num=1
2018-07-12 21:51:56| message 2 fuzz recieved: 31:32:38:36:37:39:34:39:30:36
2018-07-12 21:51:56|fuzzed value: 34:32:39:34:38:34:35:37:37:30:0a
====
2018-07-12 21:51:56options recieved: -m num=1
2018-07-12 21:51:56| message 2 fuzz recieved: 31:32:38:36:37:39:34:39:30:36
2018-07-12 21:51:56|fuzzed value: 2d:36:35:35:33:37:0a
====
2018-07-12 21:51:56options recieved: -m num=1
2018-07-12 21:51:56| message 2 fuzz recieved: 39:30:39:39:31:34:37:36:31
2018-07-12 21:51:56|fuzzed value: 34:32:39:34:39:36:37:32:39:38:0a
====
2018-07-12 21:51:56options recieved: -m num=1
2018-07-12 21:51:56| message 2 fuzz recieved: 32:37:30:31:38:36:30:37:36
2018-07-12 21:51:56|fuzzed value: 2d:2d:31:33:32:38:33:31:36:30:36:33:32:31:34:38:31:39:31:38:2e:2e:2e
====
2018-07-12 21:51:56options recieved: -m num=1
2018-07-12 21:51:56| message 2 fuzz recieved: 31:31:37:31:30:32:31:32:36:32
2018-07-12 21:51:56|fuzzed value: 33:32:37:36:37:0a
====
2018-07-12 21:51:56options recieved: -m num=1
2018-07-12 21:51:56| message 2 fuzz recieved: 31:30:31:34:30:37:33:30:36:35
2018-07-12 21:51:56|fuzzed value: 33:0a
====
2018-07-12 21:51:56options recieved: -m num=1
2018-07-12 21:51:56| message 2 fuzz recieved: 31:30:31:34:30:37:33:30:36:35
2018-07-12 21:51:56|fuzzed value: 2d:31:37:30:31:34:31:31:38:33:34:36:30:34:36:39:32:33:31:37:2e:2e:2e
====
2018-07-12 21:51:56options recieved: -m num=1
2018-07-12 21:51:56| message 2 fuzz recieved: 31:30:31:34:30:37:33:30:36:35
2018-07-12 21:51:56|fuzzed value: 34:32:39:34:39:36:37:32:39:36:0a
====
2018-07-12 21:51:56options recieved: -m num=1
2018-07-12 21:51:56| message 2 fuzz recieved: 31:30:31:34:30:37:33:30:36:35
2018-07-12 21:51:56|fuzzed value: 31:39:35:30:35:37:34:39:35:0a
====
2018-07-12 21:51:56options recieved: -m num=1
2018-07-12 21:51:56| message 2 fuzz recieved: 31:30:31:34:30:37:33:30:36:35
2018-07-12 21:51:56|fuzzed value: 30:0a
====
2018-07-12 21:51:56options recieved: -m num=1
2018-07-12 21:51:56| message 2 fuzz recieved: 31:30:31:34:30:37:33:30:36:35
2018-07-12 21:51:56|fuzzed value: 2d:31:37:30:31:34:31:31:38:33:34:36:30:34:36:39:32:33:31:37:2e:2e:2e
====
2018-07-12 21:51:56options recieved: -m num=1
2018-07-12 21:51:56| message 2 fuzz recieved: 31:30:31:34:30:37:33:30:36:35
2018-07-12 21:51:56|fuzzed value: 31:32:39:0a
====
2018-07-12 21:51:56options recieved: -m num=1
2018-07-12 21:51:56| message 2 fuzz recieved: 31:30:31:34:30:37:33:30:36:35
2018-07-12 21:51:56|fuzzed value: 32:0a
====
2018-07-12 21:51:56options recieved: -m num=1
2018-07-12 21:51:56| message 2 fuzz recieved: 31:30:31:34:30:37:33:30:36:35
2018-07-12 21:51:56|fuzzed value: 31:31:33:33:34:31:30:35:38:33:0a
====
2018-07-12 21:51:56options recieved: -m num=1
2018-07-12 21:51:56| message 2 fuzz recieved: 31:30:31:34:30:37:33:30:36:35
2018-07-12 21:51:56|fuzzed value: 2d:31:38:34:34:36:37:34:34:30:37:33:37:30:39:35:35:31:36:31:2e:2e:2e
====
2018-07-12 21:51:56options recieved: -m num=1
2018-07-12 21:51:56| message 2 fuzz recieved: 31:30:31:34:30:37:33:30:36:35
2018-07-12 21:51:56|fuzzed value: 31:30:31:33:39:34:39:30:35:32:0a
====
2018-07-12 21:51:56options recieved: -m num=1
2018-07-12 21:51:56| message 2 fuzz recieved: 31:30:30:33:35:32:32:39:39:36
2018-07-12 21:51:56|fuzzed value: 32:35:36:0a
====
2018-07-12 21:51:56options recieved: -m num=1
2018-07-12 21:51:56| message 2 fuzz recieved: 2d:31:39:32:34:39:39:30:35:37:35
2018-07-12 21:51:56|fuzzed value: 2d:33:32:37:36:39:0a
====
2018-07-12 21:51:56options recieved: -m num=1
2018-07-12 21:51:56| message 2 fuzz recieved: 2d:31:39:32:34:39:39:30:35:37:35
2018-07-12 21:51:56|fuzzed value: 2d:30:0a
====
2018-07-12 21:51:56options recieved: -m num=1
2018-07-12 21:51:56| message 2 fuzz recieved: 2d:31:39:32:34:39:39:30:35:37:35
2018-07-12 21:51:56|fuzzed value: 2d:2d:2d:36:35:35:33:34:0a
====
2018-07-12 21:51:56options recieved: -m num=1
2018-07-12 21:51:56| message 2 fuzz recieved: 2d:31:39:32:34:39:39:30:35:37:35
2018-07-12 21:51:56|fuzzed value: 2d:31:32:37:0a
====
2018-07-12 21:51:56options recieved: -m num=1
2018-07-12 21:51:56| message 2 fuzz recieved: 2d:31:39:32:34:39:39:30:35:37:35
2018-07-12 21:51:56|fuzzed value: 2d:31:38:34:34:36:37:34:34:30:37:35:36:33:34:35:34:32:31:39:2e:2e:2e
====
2018-07-12 21:51:57options recieved: -m num=1
2018-07-12 21:51:57| message 2 fuzz recieved: 2d:35:37:33:38:33:34:30:38:34
2018-07-12 21:51:57|fuzzed value: 2d:2d:2d:39:32:32:33:33:37:32:30:33:36:38:35:34:37:37:35:38:2e:2e:2e
====
2018-07-12 21:51:57options recieved: -m num=1
2018-07-12 21:51:57| message 2 fuzz recieved: 31:36:33:34:34:33:30:32:30:30
2018-07-12 21:51:57|fuzzed value: 31:37:30:31:34:31:31:38:33:34:36:30:34:36:39:32:33:31:37:33:2e:2e:2e
====
2018-07-12 21:51:57options recieved: -m num=1
2018-07-12 21:51:57| message 2 fuzz recieved: 31:36:33:34:34:33:30:32:30:30
2018-07-12 21:51:57|fuzzed value: 2d:31:33:35:37:37:33:30:30:31:31:0a
====
2018-07-12 21:51:57options recieved: -m num=1
2018-07-12 21:51:57| message 2 fuzz recieved: 31:36:33:34:34:33:30:32:30:30
2018-07-12 21:51:57|fuzzed value: 31:37:30:31:34:31:31:38:33:34:36:30:34:36:39:32:33:31:37:33:2e:2e:2e
====
2018-07-12 21:51:57options recieved: -m num=1
2018-07-12 21:51:57| message 2 fuzz recieved: 31:36:33:34:34:33:30:32:30:30
2018-07-12 21:51:57|fuzzed value: 2d:2d:31:34:33:30:37:35:0a
====
2018-07-12 21:51:57options recieved: -m num=1
2018-07-12 21:51:57| message 2 fuzz recieved: 31:36:33:34:34:33:30:32:30:30
2018-07-12 21:51:57|fuzzed value: 2d:30:0a
====
2018-07-12 21:51:57options recieved: -m num=1
2018-07-12 21:51:57| message 2 fuzz recieved: 2d:31:33:39:30:37:36:37:34:36:39
2018-07-12 21:51:57|fuzzed value: 2d:2d:31:0a
====
2018-07-12 21:51:58options recieved: -m num=1
2018-07-12 21:51:58| message 2 fuzz recieved: 33:31:32:37:30:38:39:39:37
2018-07-12 21:51:58|fuzzed value: 34:36:30:37:36:37:36:32:39:34:0a
====
2018-07-12 21:51:58options recieved: -m num=1
2018-07-12 21:51:58| message 2 fuzz recieved: 33:31:32:37:30:38:39:39:37
2018-07-12 21:51:58|fuzzed value: 31:38:34:34:36:37:34:34:30:37:33:37:30:39:35:35:31:36:31:34:2e:2e:2e
====
2018-07-12 21:51:58options recieved: -m num=1
2018-07-12 21:51:58| message 2 fuzz recieved: 33:31:32:37:30:38:39:39:37
2018-07-12 21:51:58|fuzzed value: 35:37:37:38:39:37:37:31:32:0a
====
2018-07-12 21:51:58options recieved: -m num=1
2018-07-12 21:51:58| message 2 fuzz recieved: 33:31:32:37:30:38:39:39:37
2018-07-12 21:51:58|fuzzed value: 2d:30:0a
====
2018-07-12 21:51:58options recieved: -m num=1
2018-07-12 21:51:58| message 2 fuzz recieved: 33:31:32:37:30:38:39:39:37
2018-07-12 21:51:58|fuzzed value: 32:31:34:37:34:38:33:36:34:38:0a
====
2018-07-12 21:51:58options recieved: -m num=1
2018-07-12 21:51:58| message 2 fuzz recieved: 2d:32:34:36:38:36:30:35:30:33
2018-07-12 21:51:58|fuzzed value: 2d:2d:31:38:34:39:31:0a
====
2018-07-12 21:51:59options recieved: -m num=1
2018-07-12 21:51:59| message 2 fuzz recieved: 31:33:34:35:38:34:35:31:38:37
2018-07-12 21:51:59|fuzzed value: 31:31:31:37:36:30:37:38:34:30:39:38:36:32:36:33:36:33:37:30:2e:2e:2e
====
2018-07-12 21:52:01options recieved: -m num=1
2018-07-12 21:52:01| message 2 fuzz recieved: 2d:32:30:37:39:34:35:33:32:33:32
2018-07-12 21:52:01|fuzzed value: 2d:2d:30:0a
====
2018-07-12 21:52:06options recieved: -m num=1
2018-07-12 21:52:06| message 2 fuzz recieved: 31:37:39:36:38:35:35:36:39:36
2018-07-12 21:52:07|fuzzed value: 30:0a
====
2018-07-12 21:52:07options recieved: -m num=1
2018-07-12 21:52:07| message 2 fuzz recie